# JRE version: 7.0_25-b15
# Java VM: Java HotSpot(TM) 64-Bit Server VM (23.25-b01 mixed mode bsd-amd64 compressed oops)
Heap
 def new generation   total 6144K, used 60K [0x00000007e7200000, 0x00000007e78a0000, 0x00000007edb50000)
  eden space 5504K,   1% used [0x00000007e7200000, 0x00000007e720f008, 0x00000007e7760000)
  from space 640K,   0% used [0x00000007e7800000, 0x00000007e7800000, 0x00000007e78a0000)
  to   space 640K,   0% used [0x00000007e7760000, 0x00000007e7760000, 0x00000007e7800000)
 tenured generation   total 13440K, used 6868K [0x00000007edb50000, 0x00000007ee870000, 0x00000007fae00000)
   the space 13440K,  51% used [0x00000007edb50000, 0x00000007ee205398, 0x00000007ee205400, 0x00000007ee870000)
 compacting perm gen  total 21248K, used 10424K [0x00000007fae00000, 0x00000007fc2c0000, 0x0000000800000000)
   the space 21248K,  49% used [0x00000007fae00000, 0x00000007fb82e338, 0x00000007fb82e400, 0x00000007fc2c0000)
GC Heap History (10 events):
Event: 11.590 GC heap before
{Heap before GC invocations=352 (full 3):
 def new generation   total 6144K, used 5897K [0x00000007e7200000, 0x00000007e78a0000, 0x00000007edb50000)
  eden space 5504K, 100% used [0x00000007e7200000, 0x00000007e7760000, 0x00000007e7760000)
  from space 640K,  61% used [0x00000007e7760000, 0x00000007e77c24e8, 0x00000007e7800000)
  to   space 640K,   0% used [0x00000007e7800000, 0x00000007e7800000, 0x00000007e78a0000)
 tenured generation   total 13440K, used 12896K [0x00000007edb50000, 0x00000007ee870000, 0x00000007fae00000)
   the space 13440K,  95% used [0x00000007edb50000, 0x00000007ee7e8190, 0x00000007ee7e8200, 0x00000007ee870000)
 compacting perm gen  total 21248K, used 10217K [0x00000007fae00000, 0x00000007fc2c0000, 0x0000000800000000)
   the space 21248K,  48% used [0x00000007fae00000, 0x00000007fb7fa640, 0x00000007fb7fa800, 0x00000007fc2c0000)
No shared spaces configured.
Event: 11.591 GC heap after
Heap after GC invocations=353 (full 3):
 def new generation   total 6144K, used 305K [0x00000007e7200000, 0x00000007e78a0000, 0x00000007edb50000)
  eden space 5504K,   0% used [0x00000007e7200000, 0x00000007e7200000, 0x00000007e7760000)
  from space 640K,  47% used [0x00000007e7800000, 0x00000007e784c580, 0x00000007e78a0000)
  to   space 640K,   0% used [0x00000007e7760000, 0x00000007e7760000, 0x00000007e7800000)
 tenured generation   total 13440K, used 13079K [0x00000007edb50000, 0x00000007ee870000, 0x00000007fae00000)
   the space 13440K,  97% used [0x00000007edb50000, 0x00000007ee815d78, 0x00000007ee815e00, 0x00000007ee870000)
 compacting perm gen  total 21248K, used 10217K [0x00000007fae00000, 0x00000007fc2c0000, 0x0000000800000000)
   the space 21248K,  48% used [0x00000007fae00000, 0x00000007fb7fa640, 0x00000007fb7fa800, 0x00000007fc2c0000)
No shared spaces configured.
}
Event: 11.613 GC heap before
{Heap before GC invocations=353 (full 3):
 def new generation   total 6144K, used 5809K [0x00000007e7200000, 0x00000007e78a0000, 0x00000007edb50000)
  eden space 5504K, 100% used [0x00000007e7200000, 0x00000007e7760000, 0x00000007e7760000)
  from space 640K,  47% used [0x00000007e7800000, 0x00000007e784c580, 0x00000007e78a0000)
  to   space 640K,   0% used [0x00000007e7760000, 0x00000007e7760000, 0x00000007e7800000)
 tenured generation   total 13440K, used 13079K [0x00000007edb50000, 0x00000007ee870000, 0x00000007fae00000)
   the space 13440K,  97% used [0x00000007edb50000, 0x00000007ee815d78, 0x00000007ee815e00, 0x00000007ee870000)
 compacting perm gen  total 21248K, used 10217K [0x00000007fae00000, 0x00000007fc2c0000, 0x0000000800000000)
   the space 21248K,  48% used [0x00000007fae00000, 0x00000007fb7fa640, 0x00000007fb7fa800, 0x00000007fc2c0000)
No shared spaces configured.
Event: 11.614 GC heap after
Heap after GC invocations=354 (full 3):
 def new generation   total 6144K, used 451K [0x00000007e7200000, 0x00000007e78a0000, 0x00000007edb50000)
  eden space 5504K,   0% used [0x00000007e7200000, 0x00000007e7200000, 0x00000007e7760000)
  from space 640K,  70% used [0x00000007e7760000, 0x00000007e77d0df0, 0x00000007e7800000)
  to   space 640K,   0% used [0x00000007e7800000, 0x00000007e7800000, 0x00000007e78a0000)
 tenured generation   total 13440K, used 13079K [0x00000007edb50000, 0x00000007ee870000, 0x00000007fae00000)
   the space 13440K,  97% used [0x00000007edb50000, 0x00000007ee815d78, 0x00000007ee815e00, 0x00000007ee870000)
 compacting perm gen  total 21248K, used 10217K [0x00000007fae00000, 0x00000007fc2c0000, 0x0000000800000000)
   the space 21248K,  48% used [0x00000007fae00000, 0x00000007fb7fa640, 0x00000007fb7fa800, 0x00000007fc2c0000)
No shared spaces configured.
}
Event: 11.633 GC heap before
{Heap before GC invocations=354 (full 3):
 def new generation   total 6144K, used 5955K [0x00000007e7200000, 0x00000007e78a0000, 0x00000007edb50000)
  eden space 5504K, 100% used [0x00000007e7200000, 0x00000007e7760000, 0x00000007e7760000)
  from space 640K,  70% used [0x00000007e7760000, 0x00000007e77d0df0, 0x00000007e7800000)
  to   space 640K,   0% used [0x00000007e7800000, 0x00000007e7800000, 0x00000007e78a0000)
 tenured generation   total 13440K, used 13079K [0x00000007edb50000, 0x00000007ee870000, 0x00000007fae00000)
   the space 13440K,  97% used [0x00000007edb50000, 0x00000007ee815d78, 0x00000007ee815e00, 0x00000007ee870000)
 compacting perm gen  total 21248K, used 10217K [0x00000007fae00000, 0x00000007fc2c0000, 0x0000000800000000)
   the space 21248K,  48% used [0x00000007fae00000, 0x00000007fb7fa640, 0x00000007fb7fa800, 0x00000007fc2c0000)
No shared spaces configured.
Event: 11.633 GC heap after
Heap after GC invocations=355 (full 3):
 def new generation   total 6144K, used 372K [0x00000007e7200000, 0x00000007e78a0000, 0x00000007edb50000)
  eden space 5504K,   0% used [0x00000007e7200000, 0x00000007e7200000, 0x00000007e7760000)
  from space 640K,  58% used [0x00000007e7800000, 0x00000007e785d2b8, 0x00000007e78a0000)
  to   space 640K,   0% used [0x00000007e7760000, 0x00000007e7760000, 0x00000007e7800000)
 tenured generation   total 13440K, used 13263K [0x00000007edb50000, 0x00000007ee870000, 0x00000007fae00000)
   the space 13440K,  98% used [0x00000007edb50000, 0x00000007ee843ca8, 0x00000007ee843e00, 0x00000007ee870000)
 compacting perm gen  total 21248K, used 10217K [0x00000007fae00000, 0x00000007fc2c0000, 0x0000000800000000)
   the space 21248K,  48% used [0x00000007fae00000, 0x00000007fb7fa640, 0x00000007fb7fa800, 0x00000007fc2c0000)
No shared spaces configured.
}
Event: 11.655 GC heap before
{Heap before GC invocations=355 (full 3):
 def new generation   total 6144K, used 5876K [0x00000007e7200000, 0x00000007e78a0000, 0x00000007edb50000)
  eden space 5504K, 100% used [0x00000007e7200000, 0x00000007e7760000, 0x00000007e7760000)
  from space 640K,  58% used [0x00000007e7800000, 0x00000007e785d2b8, 0x00000007e78a0000)
  to   space 640K,   0% used [0x00000007e7760000, 0x00000007e7760000, 0x00000007e7800000)
 tenured generation   total 13440K, used 13263K [0x00000007edb50000, 0x00000007ee870000, 0x00000007fae00000)
   the space 13440K,  98% used [0x00000007edb50000, 0x00000007ee843ca8, 0x00000007ee843e00, 0x00000007ee870000)
 compacting perm gen  total 21248K, used 10217K [0x00000007fae00000, 0x00000007fc2c0000, 0x0000000800000000)
   the space 21248K,  48% used [0x00000007fae00000, 0x00000007fb7fa640, 0x00000007fb7fa800, 0x00000007fc2c0000)
No shared spaces configured.
Event: 11.656 GC heap after
Heap after GC invocations=356 (full 3):
 def new generation   total 6144K, used 409K [0x00000007e7200000, 0x00000007e78a0000, 0x00000007edb50000)
  eden space 5504K,   0% used [0x00000007e7200000, 0x00000007e7200000, 0x00000007e7760000)
  from space 640K,  63% used [0x00000007e7760000, 0x00000007e77c64d8, 0x00000007e7800000)
  to   space 640K,   0% used [0x00000007e7800000, 0x00000007e7800000, 0x00000007e78a0000)
 tenured generation   total 13440K, used 13364K [0x00000007edb50000, 0x00000007ee870000, 0x00000007fae00000)
   the space 13440K,  99% used [0x00000007edb50000, 0x00000007ee85d3d0, 0x00000007ee85d400, 0x00000007ee870000)
 compacting perm gen  total 21248K, used 10217K [0x00000007fae00000, 0x00000007fc2c0000, 0x0000000800000000)
   the space 21248K,  48% used [0x00000007fae00000, 0x00000007fb7fa640, 0x00000007fb7fa800, 0x00000007fc2c0000)
No shared spaces configured.
}
Event: 12.807 GC heap before
{Heap before GC invocations=356 (full 3):
 def new generation   total 6144K, used 5911K [0x00000007e7200000, 0x00000007e78a0000, 0x00000007edb50000)
  eden space 5504K,  99% used [0x00000007e7200000, 0x00000007e775f8b8, 0x00000007e7760000)
  from space 640K,  63% used [0x00000007e7760000, 0x00000007e77c64d8, 0x00000007e7800000)
  to   space 640K,   0% used [0x00000007e7800000, 0x00000007e7800000, 0x00000007e78a0000)
 tenured generation   total 13440K, used 13364K [0x00000007edb50000, 0x00000007ee870000, 0x00000007fae00000)
   the space 13440K,  99% used [0x00000007edb50000, 0x00000007ee85d3d0, 0x00000007ee85d400, 0x00000007ee870000)
 compacting perm gen  total 21248K, used 10428K [0x00000007fae00000, 0x00000007fc2c0000, 0x0000000800000000)
   the space 21248K,  49% used [0x00000007fae00000, 0x00000007fb82f1e0, 0x00000007fb82f200, 0x00000007fc2c0000)
No shared spaces configured.
Event: 12.846 GC heap after
Heap after GC invocations=357 (full 4):
 def new generation   total 6144K, used 0K [0x00000007e7200000, 0x00000007e78a0000, 0x00000007edb50000)
  eden space 5504K,   0% used [0x00000007e7200000, 0x00000007e7200000, 0x00000007e7760000)
  from space 640K,   0% used [0x00000007e7800000, 0x00000007e7800000, 0x00000007e78a0000)
  to   space 640K,   0% used [0x00000007e7760000, 0x00000007e7760000, 0x00000007e7800000)
 tenured generation   total 13440K, used 6868K [0x00000007edb50000, 0x00000007ee870000, 0x00000007fae00000)
   the space 13440K,  51% used [0x00000007edb50000, 0x00000007ee205398, 0x00000007ee205400, 0x00000007ee870000)
 compacting perm gen  total 21248K, used 10424K [0x00000007fae00000, 0x00000007fc2c0000, 0x0000000800000000)
   the space 21248K,  49% used [0x00000007fae00000, 0x00000007fb82e338, 0x00000007fb82e400, 0x00000007fc2c0000)
No shared spaces configured.
}

